<?xml version="1.0" encoding="UTF-8"?>
<testng-results skipped="0" failed="0" ignored="0" total="1" passed="1">
  <reporter-output>
  </reporter-output>
  <suite name="Suite" duration-ms="86" started-at="2018-02-11T07:38:15Z" finished-at="2018-02-11T07:38:15Z">
    <groups>
    </groups>
    <test name="Test" duration-ms="86" started-at="2018-02-11T07:38:15Z" finished-at="2018-02-11T07:38:15Z">
      <class name="tests.FirstDemo">
        <test-method status="PASS" signature="f()[pri:0, instance:tests.FirstDemo@55f3ddb1]" name="f" duration-ms="13" started-at="2018-02-11T13:08:15Z" finished-at="2018-02-11T13:08:15Z">
          <reporter-output>
          </reporter-output>
        </test-method> <!-- f -->
      </class> <!-- tests.FirstDemo -->
    </test> <!-- Test -->
  </suite> <!-- Suite -->
</testng-results>
